2022-10-23 17:22:09,363 INFO o.a.j.u.JMeterUtils: Setting Locale to en_EN
2022-10-23 17:22:09,378 INFO o.a.j.JMeter: Loading user properties from: /opt/homebrew/Cellar/jmeter/5.5/libexec/bin/user.properties
2022-10-23 17:22:09,378 INFO o.a.j.JMeter: Loading system properties from: /opt/homebrew/Cellar/jmeter/5.5/libexec/bin/system.properties
2022-10-23 17:22:09,381 INFO o.a.j.JMeter: Copyright (c) 1998-2022 The Apache Software Foundation
2022-10-23 17:22:09,381 INFO o.a.j.JMeter: Version 5.5
2022-10-23 17:22:09,381 INFO o.a.j.JMeter: java.version=18.0.2.1
2022-10-23 17:22:09,381 INFO o.a.j.JMeter: java.vm.name=OpenJDK 64-Bit Server VM
2022-10-23 17:22:09,381 INFO o.a.j.JMeter: os.name=Mac OS X
2022-10-23 17:22:09,381 INFO o.a.j.JMeter: os.arch=aarch64
2022-10-23 17:22:09,381 INFO o.a.j.JMeter: os.version=12.6
2022-10-23 17:22:09,381 INFO o.a.j.JMeter: file.encoding=UTF-8
2022-10-23 17:22:09,381 INFO o.a.j.JMeter: java.awt.headless=null
2022-10-23 17:22:09,382 INFO o.a.j.JMeter: Max memory     =1073741824
2022-10-23 17:22:09,382 INFO o.a.j.JMeter: Available Processors =8
2022-10-23 17:22:09,387 INFO o.a.j.JMeter: Default Locale=English (EN)
2022-10-23 17:22:09,387 INFO o.a.j.JMeter: JMeter  Locale=English (EN)
2022-10-23 17:22:09,387 INFO o.a.j.JMeter: JMeterHome=/opt/homebrew/Cellar/jmeter/5.5/libexec
2022-10-23 17:22:09,387 INFO o.a.j.JMeter: user.dir  =/Users/markoprascevic/Desktop/SE2_Apache_Jmeter_With_Results/apache-jmeter
2022-10-23 17:22:09,388 INFO o.a.j.JMeter: PWD       =/Users/markoprascevic/Desktop/SE2_Apache_Jmeter_With_Results/apache-jmeter
2022-10-23 17:22:09,389 INFO o.a.j.JMeter: IP: 127.0.0.1 Name: Markos-MacBook-Pro.local FullName: localhost
2022-10-23 17:22:09,396 INFO o.a.j.JMeter: Loaded icon properties from org/apache/jmeter/images/icon.properties
2022-10-23 17:22:09,760 INFO o.a.j.JMeterGuiLauncher: Setting LAF to: com.github.weisj.darklaf.DarkLaf:com.github.weisj.darklaf.theme.DarculaTheme
2022-10-23 17:22:11,532 INFO o.j.r.JARSourceHTTP: Requesting https://jmeter-plugins.org/repo/?installID=mac_os_x-559c3f5e3b3a8338fa7c1da6d7d1bac9-gui
2022-10-23 17:22:13,676 INFO o.j.r.PluginManager: Plugins Status: [jpgc-plugins-manager=1.7, jmeter-core=5.5, jmeter-ftp=5.5, jmeter-http=5.5, jmeter-jdbc=5.5, jmeter-jms=5.5, jmeter-junit=5.5, jmeter-java=5.5, jmeter-ldap=5.5, jmeter-mail=5.5, jmeter-mongodb=5.5, jmeter-native=5.5, jmeter-tcp=5.5, jmeter-components=5.5]
2022-10-23 17:22:13,676 INFO o.j.r.PluginManagerMenuItem: Plugins Manager has upgrades: [jpgc-plugins-manager]
2022-10-23 17:22:34,214 INFO o.a.j.s.FileServer: Default base='/Users/markoprascevic/Desktop/SE2_Apache_Jmeter_With_Results/apache-jmeter'
2022-10-23 17:22:34,217 INFO o.a.j.g.a.Load: Loading file: /Users/markoprascevic/Desktop/SE2_Apache_Jmeter_With_Results/apache-jmeter/1Full.jmx
2022-10-23 17:22:34,217 INFO o.a.j.s.FileServer: Set new base='/Users/markoprascevic/Desktop/SE2_Apache_Jmeter_With_Results/apache-jmeter'
2022-10-23 17:22:34,305 INFO o.a.j.s.SaveService: Testplan (JMX) version: 2.2. Testlog (JTL) version: 2.2
2022-10-23 17:22:34,308 INFO o.a.j.s.SaveService: Using SaveService properties version 5.0
2022-10-23 17:22:34,309 INFO o.a.j.s.SaveService: Using SaveService properties file encoding UTF-8
2022-10-23 17:22:34,309 INFO o.a.j.s.SaveService: Loading file: /Users/markoprascevic/Desktop/SE2_Apache_Jmeter_With_Results/apache-jmeter/1Full.jmx
2022-10-23 17:22:34,395 INFO o.a.j.s.SampleResult: Note: Sample TimeStamps are START times
2022-10-23 17:22:34,395 INFO o.a.j.s.SampleResult: sampleresult.default.encoding is set to ISO-8859-1
2022-10-23 17:22:34,395 INFO o.a.j.s.SampleResult: sampleresult.useNanoTime=true
2022-10-23 17:22:34,395 INFO o.a.j.s.SampleResult: sampleresult.nanoThreadSleep=5000
2022-10-23 17:22:34,467 INFO o.a.j.v.ViewResultsFullVisualizer: Add JavaFX to your Java installation if you want to use renderer: org.apache.jmeter.visualizers.RenderInBrowser
2022-10-23 17:22:34,501 INFO o.a.j.s.FileServer: Set new base='/Users/markoprascevic/Desktop/SE2_Apache_Jmeter_With_Results/apache-jmeter'
2022-10-23 17:22:46,163 INFO o.a.j.g.a.Load: Loading file: /Users/markoprascevic/Desktop/SE2_Apache_Jmeter_With_Results/apache-jmeter/1Half.jmx
2022-10-23 17:22:46,163 INFO o.a.j.s.FileServer: Set new base='/Users/markoprascevic/Desktop/SE2_Apache_Jmeter_With_Results/apache-jmeter'
2022-10-23 17:22:46,163 INFO o.a.j.s.SaveService: Loading file: /Users/markoprascevic/Desktop/SE2_Apache_Jmeter_With_Results/apache-jmeter/1Half.jmx
2022-10-23 17:22:46,188 INFO o.a.j.v.ViewResultsFullVisualizer: Add JavaFX to your Java installation if you want to use renderer: org.apache.jmeter.visualizers.RenderInBrowser
2022-10-23 17:22:46,211 INFO o.a.j.s.FileServer: Set new base='/Users/markoprascevic/Desktop/SE2_Apache_Jmeter_With_Results/apache-jmeter'
2022-10-23 17:22:55,680 INFO o.a.j.g.a.Load: Loading file: /Users/markoprascevic/Desktop/SE2_Apache_Jmeter_With_Results/apache-jmeter/2Full.jmx
2022-10-23 17:22:55,681 INFO o.a.j.s.FileServer: Set new base='/Users/markoprascevic/Desktop/SE2_Apache_Jmeter_With_Results/apache-jmeter'
2022-10-23 17:22:55,681 INFO o.a.j.s.SaveService: Loading file: /Users/markoprascevic/Desktop/SE2_Apache_Jmeter_With_Results/apache-jmeter/2Full.jmx
2022-10-23 17:22:55,705 INFO o.a.j.v.ViewResultsFullVisualizer: Add JavaFX to your Java installation if you want to use renderer: org.apache.jmeter.visualizers.RenderInBrowser
2022-10-23 17:22:55,728 INFO o.a.j.s.FileServer: Set new base='/Users/markoprascevic/Desktop/SE2_Apache_Jmeter_With_Results/apache-jmeter'
2022-10-23 17:23:23,252 INFO o.a.j.g.a.Load: Loading file: /Users/markoprascevic/Desktop/SE2_Apache_Jmeter_With_Results/apache-jmeter/2Half.jmx
2022-10-23 17:23:23,252 INFO o.a.j.s.FileServer: Set new base='/Users/markoprascevic/Desktop/SE2_Apache_Jmeter_With_Results/apache-jmeter'
2022-10-23 17:23:23,252 INFO o.a.j.s.SaveService: Loading file: /Users/markoprascevic/Desktop/SE2_Apache_Jmeter_With_Results/apache-jmeter/2Half.jmx
2022-10-23 17:23:23,274 INFO o.a.j.v.ViewResultsFullVisualizer: Add JavaFX to your Java installation if you want to use renderer: org.apache.jmeter.visualizers.RenderInBrowser
2022-10-23 17:23:23,294 INFO o.a.j.s.FileServer: Set new base='/Users/markoprascevic/Desktop/SE2_Apache_Jmeter_With_Results/apache-jmeter'
2022-10-23 17:23:32,932 INFO o.a.j.g.a.Load: Loading file: /Users/markoprascevic/Desktop/SE2_Apache_Jmeter_With_Results/apache-jmeter/3Full.jmx
2022-10-23 17:23:32,932 INFO o.a.j.s.FileServer: Set new base='/Users/markoprascevic/Desktop/SE2_Apache_Jmeter_With_Results/apache-jmeter'
2022-10-23 17:23:32,932 INFO o.a.j.s.SaveService: Loading file: /Users/markoprascevic/Desktop/SE2_Apache_Jmeter_With_Results/apache-jmeter/3Full.jmx
2022-10-23 17:23:32,954 INFO o.a.j.v.ViewResultsFullVisualizer: Add JavaFX to your Java installation if you want to use renderer: org.apache.jmeter.visualizers.RenderInBrowser
2022-10-23 17:23:32,974 INFO o.a.j.s.FileServer: Set new base='/Users/markoprascevic/Desktop/SE2_Apache_Jmeter_With_Results/apache-jmeter'
2022-10-23 17:23:42,806 INFO o.a.j.g.a.Load: Loading file: /Users/markoprascevic/Desktop/SE2_Apache_Jmeter_With_Results/apache-jmeter/3Half.jmx
2022-10-23 17:23:42,806 INFO o.a.j.s.FileServer: Set new base='/Users/markoprascevic/Desktop/SE2_Apache_Jmeter_With_Results/apache-jmeter'
2022-10-23 17:23:42,806 INFO o.a.j.s.SaveService: Loading file: /Users/markoprascevic/Desktop/SE2_Apache_Jmeter_With_Results/apache-jmeter/3Half.jmx
2022-10-23 17:23:42,825 INFO o.a.j.v.ViewResultsFullVisualizer: Add JavaFX to your Java installation if you want to use renderer: org.apache.jmeter.visualizers.RenderInBrowser
2022-10-23 17:23:42,844 INFO o.a.j.s.FileServer: Set new base='/Users/markoprascevic/Desktop/SE2_Apache_Jmeter_With_Results/apache-jmeter'
2022-10-23 17:23:52,917 INFO o.a.j.g.a.Load: Loading file: /Users/markoprascevic/Desktop/SE2_Apache_Jmeter_With_Results/apache-jmeter/4Full.jmx
2022-10-23 17:23:52,918 INFO o.a.j.s.FileServer: Set new base='/Users/markoprascevic/Desktop/SE2_Apache_Jmeter_With_Results/apache-jmeter'
2022-10-23 17:23:52,918 INFO o.a.j.s.SaveService: Loading file: /Users/markoprascevic/Desktop/SE2_Apache_Jmeter_With_Results/apache-jmeter/4Full.jmx
2022-10-23 17:23:52,938 INFO o.a.j.v.ViewResultsFullVisualizer: Add JavaFX to your Java installation if you want to use renderer: org.apache.jmeter.visualizers.RenderInBrowser
2022-10-23 17:23:52,957 INFO o.a.j.s.FileServer: Set new base='/Users/markoprascevic/Desktop/SE2_Apache_Jmeter_With_Results/apache-jmeter'
2022-10-23 17:24:02,503 INFO o.a.j.g.a.Load: Loading file: /Users/markoprascevic/Desktop/SE2_Apache_Jmeter_With_Results/apache-jmeter/3Half.jmx
2022-10-23 17:24:02,503 INFO o.a.j.s.FileServer: Set new base='/Users/markoprascevic/Desktop/SE2_Apache_Jmeter_With_Results/apache-jmeter'
2022-10-23 17:24:02,503 INFO o.a.j.s.SaveService: Loading file: /Users/markoprascevic/Desktop/SE2_Apache_Jmeter_With_Results/apache-jmeter/3Half.jmx
2022-10-23 17:24:02,522 INFO o.a.j.v.ViewResultsFullVisualizer: Add JavaFX to your Java installation if you want to use renderer: org.apache.jmeter.visualizers.RenderInBrowser
2022-10-23 17:24:02,541 INFO o.a.j.s.FileServer: Set new base='/Users/markoprascevic/Desktop/SE2_Apache_Jmeter_With_Results/apache-jmeter'
2022-10-23 17:24:13,421 INFO o.a.j.g.a.Load: Loading file: /Users/markoprascevic/Desktop/SE2_Apache_Jmeter_With_Results/apache-jmeter/3Full.jmx
2022-10-23 17:24:13,421 INFO o.a.j.s.FileServer: Set new base='/Users/markoprascevic/Desktop/SE2_Apache_Jmeter_With_Results/apache-jmeter'
2022-10-23 17:24:13,422 INFO o.a.j.s.SaveService: Loading file: /Users/markoprascevic/Desktop/SE2_Apache_Jmeter_With_Results/apache-jmeter/3Full.jmx
2022-10-23 17:24:13,441 INFO o.a.j.v.ViewResultsFullVisualizer: Add JavaFX to your Java installation if you want to use renderer: org.apache.jmeter.visualizers.RenderInBrowser
2022-10-23 17:24:13,460 INFO o.a.j.s.FileServer: Set new base='/Users/markoprascevic/Desktop/SE2_Apache_Jmeter_With_Results/apache-jmeter'
2022-10-23 17:24:23,063 INFO o.a.j.g.a.Load: Loading file: /Users/markoprascevic/Desktop/SE2_Apache_Jmeter_With_Results/apache-jmeter/4Full.jmx
2022-10-23 17:24:23,063 INFO o.a.j.s.FileServer: Set new base='/Users/markoprascevic/Desktop/SE2_Apache_Jmeter_With_Results/apache-jmeter'
2022-10-23 17:24:23,063 INFO o.a.j.s.SaveService: Loading file: /Users/markoprascevic/Desktop/SE2_Apache_Jmeter_With_Results/apache-jmeter/4Full.jmx
2022-10-23 17:24:23,080 INFO o.a.j.v.ViewResultsFullVisualizer: Add JavaFX to your Java installation if you want to use renderer: org.apache.jmeter.visualizers.RenderInBrowser
2022-10-23 17:24:23,100 INFO o.a.j.s.FileServer: Set new base='/Users/markoprascevic/Desktop/SE2_Apache_Jmeter_With_Results/apache-jmeter'
2022-10-23 17:24:31,421 INFO o.a.j.g.a.Load: Loading file: /Users/markoprascevic/Desktop/SE2_Apache_Jmeter_With_Results/apache-jmeter/4Half.jmx
2022-10-23 17:24:31,424 INFO o.a.j.s.FileServer: Set new base='/Users/markoprascevic/Desktop/SE2_Apache_Jmeter_With_Results/apache-jmeter'
2022-10-23 17:24:31,424 INFO o.a.j.s.SaveService: Loading file: /Users/markoprascevic/Desktop/SE2_Apache_Jmeter_With_Results/apache-jmeter/4Half.jmx
2022-10-23 17:24:31,439 INFO o.a.j.v.ViewResultsFullVisualizer: Add JavaFX to your Java installation if you want to use renderer: org.apache.jmeter.visualizers.RenderInBrowser
2022-10-23 17:24:31,469 INFO o.a.j.s.FileServer: Set new base='/Users/markoprascevic/Desktop/SE2_Apache_Jmeter_With_Results/apache-jmeter'
2022-10-23 17:25:12,840 INFO o.a.j.g.a.Load: Loading file: /Users/markoprascevic/Desktop/SE2_Apache_Jmeter_With_Results/apache-jmeter/5Full.jmx
2022-10-23 17:25:12,841 INFO o.a.j.s.FileServer: Set new base='/Users/markoprascevic/Desktop/SE2_Apache_Jmeter_With_Results/apache-jmeter'
2022-10-23 17:25:12,841 INFO o.a.j.s.SaveService: Loading file: /Users/markoprascevic/Desktop/SE2_Apache_Jmeter_With_Results/apache-jmeter/5Full.jmx
2022-10-23 17:25:12,861 INFO o.a.j.v.ViewResultsFullVisualizer: Add JavaFX to your Java installation if you want to use renderer: org.apache.jmeter.visualizers.RenderInBrowser
2022-10-23 17:25:12,881 INFO o.a.j.s.FileServer: Set new base='/Users/markoprascevic/Desktop/SE2_Apache_Jmeter_With_Results/apache-jmeter'
2022-10-23 17:25:21,920 INFO o.a.j.g.a.Load: Loading file: /Users/markoprascevic/Desktop/SE2_Apache_Jmeter_With_Results/apache-jmeter/5Half.jmx
2022-10-23 17:25:21,921 INFO o.a.j.s.FileServer: Set new base='/Users/markoprascevic/Desktop/SE2_Apache_Jmeter_With_Results/apache-jmeter'
2022-10-23 17:25:21,921 INFO o.a.j.s.SaveService: Loading file: /Users/markoprascevic/Desktop/SE2_Apache_Jmeter_With_Results/apache-jmeter/5Half.jmx
2022-10-23 17:25:21,942 INFO o.a.j.v.ViewResultsFullVisualizer: Add JavaFX to your Java installation if you want to use renderer: org.apache.jmeter.visualizers.RenderInBrowser
2022-10-23 17:25:21,964 INFO o.a.j.s.FileServer: Set new base='/Users/markoprascevic/Desktop/SE2_Apache_Jmeter_With_Results/apache-jmeter'
2022-10-23 17:25:30,075 INFO o.a.j.g.a.Load: Loading file: /Users/markoprascevic/Desktop/SE2_Apache_Jmeter_With_Results/apache-jmeter/6Full.jmx
2022-10-23 17:25:30,075 INFO o.a.j.s.FileServer: Set new base='/Users/markoprascevic/Desktop/SE2_Apache_Jmeter_With_Results/apache-jmeter'
2022-10-23 17:25:30,075 INFO o.a.j.s.SaveService: Loading file: /Users/markoprascevic/Desktop/SE2_Apache_Jmeter_With_Results/apache-jmeter/6Full.jmx
2022-10-23 17:25:30,092 INFO o.a.j.v.ViewResultsFullVisualizer: Add JavaFX to your Java installation if you want to use renderer: org.apache.jmeter.visualizers.RenderInBrowser
2022-10-23 17:25:30,112 INFO o.a.j.s.FileServer: Set new base='/Users/markoprascevic/Desktop/SE2_Apache_Jmeter_With_Results/apache-jmeter'
2022-10-23 17:25:41,999 INFO o.a.j.g.a.Load: Loading file: /Users/markoprascevic/Desktop/SE2_Apache_Jmeter_With_Results/apache-jmeter/6Half.jmx
2022-10-23 17:25:41,999 INFO o.a.j.s.FileServer: Set new base='/Users/markoprascevic/Desktop/SE2_Apache_Jmeter_With_Results/apache-jmeter'
2022-10-23 17:25:41,999 INFO o.a.j.s.SaveService: Loading file: /Users/markoprascevic/Desktop/SE2_Apache_Jmeter_With_Results/apache-jmeter/6Half.jmx
2022-10-23 17:25:42,016 INFO o.a.j.v.ViewResultsFullVisualizer: Add JavaFX to your Java installation if you want to use renderer: org.apache.jmeter.visualizers.RenderInBrowser
2022-10-23 17:25:42,035 INFO o.a.j.s.FileServer: Set new base='/Users/markoprascevic/Desktop/SE2_Apache_Jmeter_With_Results/apache-jmeter'
2022-10-23 17:25:52,213 INFO o.a.j.g.a.Load: Loading file: /Users/markoprascevic/Desktop/SE2_Apache_Jmeter_With_Results/apache-jmeter/7Full.jmx
2022-10-23 17:25:52,214 INFO o.a.j.s.FileServer: Set new base='/Users/markoprascevic/Desktop/SE2_Apache_Jmeter_With_Results/apache-jmeter'
2022-10-23 17:25:52,214 INFO o.a.j.s.SaveService: Loading file: /Users/markoprascevic/Desktop/SE2_Apache_Jmeter_With_Results/apache-jmeter/7Full.jmx
2022-10-23 17:25:52,232 INFO o.a.j.v.ViewResultsFullVisualizer: Add JavaFX to your Java installation if you want to use renderer: org.apache.jmeter.visualizers.RenderInBrowser
2022-10-23 17:25:52,250 INFO o.a.j.s.FileServer: Set new base='/Users/markoprascevic/Desktop/SE2_Apache_Jmeter_With_Results/apache-jmeter'
2022-10-23 17:26:07,982 INFO o.a.j.g.a.Load: Loading file: /Users/markoprascevic/Desktop/SE2_Apache_Jmeter_With_Results/apache-jmeter/7Half.jmx
2022-10-23 17:26:07,984 INFO o.a.j.s.FileServer: Set new base='/Users/markoprascevic/Desktop/SE2_Apache_Jmeter_With_Results/apache-jmeter'
2022-10-23 17:26:07,984 INFO o.a.j.s.SaveService: Loading file: /Users/markoprascevic/Desktop/SE2_Apache_Jmeter_With_Results/apache-jmeter/7Half.jmx
2022-10-23 17:26:08,000 INFO o.a.j.v.ViewResultsFullVisualizer: Add JavaFX to your Java installation if you want to use renderer: org.apache.jmeter.visualizers.RenderInBrowser
2022-10-23 17:26:08,019 INFO o.a.j.s.FileServer: Set new base='/Users/markoprascevic/Desktop/SE2_Apache_Jmeter_With_Results/apache-jmeter'
